# JRE version: OpenJDK Runtime Environment Temurin-17.0.11+9 (17.0.11+9) (build 17.0.11+9)
# Java VM: OpenJDK 64-Bit Server VM Temurin-17.0.11+9 (17.0.11+9, mixed mode, tiered, compressed oops, compressed class ptrs, parallel gc, windows-amd64)
GC Precious Log:
 CPUs: 8 total, 8 available
 Memory: 4005M
 Large Page Support: Disabled
 NUMA Support: Disabled
 Compressed Oops: Enabled (32-bit)
 Alignments: Space 512K, Generation 512K, Heap 2M
 Heap Min Capacity: 100M
 Heap Initial Capacity: 100M
 Heap Max Capacity: 1G
 Pre-touch: Disabled
 Parallel Workers: 8
Heap:
 PSYoungGen      total 11776K, used 4093K [0x00000000eab00000, 0x00000000eba00000, 0x0000000100000000)
  eden space 8704K, 14% used [0x00000000eab00000,0x00000000eac35678,0x00000000eb380000)
  from space 3072K, 92% used [0x00000000eb500000,0x00000000eb7c9e78,0x00000000eb800000)
  to   space 2048K, 0% used [0x00000000eb800000,0x00000000eb800000,0x00000000eba00000)
 ParOldGen       total 166912K, used 157022K [0x00000000c0000000, 0x00000000ca300000, 0x00000000eab00000)
  object space 166912K, 94% used [0x00000000c0000000,0x00000000c9957a38,0x00000000ca300000)
 Metaspace       used 88074K, committed 89280K, reserved 1179648K
  class space    used 8651K, committed 9216K, reserved 1048576K
GC Heap History (20 events):
Event: 2099.614 GC heap before
{Heap before GC invocations=4694 (full 60):
 PSYoungGen      total 10752K, used 10463K [0x00000000eab00000, 0x00000000eb780000, 0x0000000100000000)
  eden space 10240K, 99% used [0x00000000eab00000,0x00000000eb4ffff0,0x00000000eb500000)
  from space 512K, 43% used [0x00000000eb600000,0x00000000eb638000,0x00000000eb680000)
  to   space 512K, 0% used [0x00000000eb700000,0x00000000eb700000,0x00000000eb780000)
 ParOldGen       total 166912K, used 150276K [0x00000000c0000000, 0x00000000ca300000, 0x00000000eab00000)
  object space 166912K, 90% used [0x00000000c0000000,0x00000000c92c1200,0x00000000ca300000)
 Metaspace       used 88064K, committed 89280K, reserved 1179648K
  class space    used 8651K, committed 9216K, reserved 1048576K
}
Event: 2099.617 GC heap after
{Heap after GC invocations=4694 (full 60):
 PSYoungGen      total 10752K, used 512K [0x00000000eab00000, 0x00000000eb900000, 0x0000000100000000)
  eden space 10240K, 0% used [0x00000000eab00000,0x00000000eab00000,0x00000000eb500000)
  from space 512K, 100% used [0x00000000eb700000,0x00000000eb780000,0x00000000eb780000)
  to   space 2048K, 0% used [0x00000000eb500000,0x00000000eb500000,0x00000000eb700000)
 ParOldGen       total 166912K, used 151431K [0x00000000c0000000, 0x00000000ca300000, 0x00000000eab00000)
  object space 166912K, 90% used [0x00000000c0000000,0x00000000c93e1c90,0x00000000ca300000)
 Metaspace       used 88064K, committed 89280K, reserved 1179648K
  class space    used 8651K, committed 9216K, reserved 1048576K
}
Event: 2099.813 GC heap before
{Heap before GC invocations=4695 (full 60):
 PSYoungGen      total 10752K, used 10752K [0x00000000eab00000, 0x00000000eb900000, 0x0000000100000000)
  eden space 10240K, 100% used [0x00000000eab00000,0x00000000eb500000,0x00000000eb500000)
  from space 512K, 100% used [0x00000000eb700000,0x00000000eb780000,0x00000000eb780000)
  to   space 2048K, 0% used [0x00000000eb500000,0x00000000eb500000,0x00000000eb700000)
 ParOldGen       total 166912K, used 151431K [0x00000000c0000000, 0x00000000ca300000, 0x00000000eab00000)
  object space 166912K, 90% used [0x00000000c0000000,0x00000000c93e1c90,0x00000000ca300000)
 Metaspace       used 88065K, committed 89280K, reserved 1179648K
  class space    used 8651K, committed 9216K, reserved 1048576K
}
Event: 2099.816 GC heap after
{Heap after GC invocations=4695 (full 60):
 PSYoungGen      total 11264K, used 749K [0x00000000eab00000, 0x00000000eb800000, 0x0000000100000000)
  eden space 10240K, 0% used [0x00000000eab00000,0x00000000eab00000,0x00000000eb500000)
  from space 1024K, 73% used [0x00000000eb500000,0x00000000eb5bb7f0,0x00000000eb600000)
  to   space 1536K, 0% used [0x00000000eb680000,0x00000000eb680000,0x00000000eb800000)
 ParOldGen       total 166912K, used 151501K [0x00000000c0000000, 0x00000000ca300000, 0x00000000eab00000)
  object space 166912K, 90% used [0x00000000c0000000,0x00000000c93f36d0,0x00000000ca300000)
 Metaspace       used 88065K, committed 89280K, reserved 1179648K
  class space    used 8651K, committed 9216K, reserved 1048576K
}
Event: 2099.928 GC heap before
{Heap before GC invocations=4696 (full 60):
 PSYoungGen      total 11264K, used 10989K [0x00000000eab00000, 0x00000000eb800000, 0x0000000100000000)
  eden space 10240K, 100% used [0x00000000eab00000,0x00000000eb500000,0x00000000eb500000)
  from space 1024K, 73% used [0x00000000eb500000,0x00000000eb5bb7f0,0x00000000eb600000)
  to   space 1536K, 0% used [0x00000000eb680000,0x00000000eb680000,0x00000000eb800000)
 ParOldGen       total 166912K, used 151501K [0x00000000c0000000, 0x00000000ca300000, 0x00000000eab00000)
  object space 166912K, 90% used [0x00000000c0000000,0x00000000c93f36d0,0x00000000ca300000)
 Metaspace       used 88069K, committed 89280K, reserved 1179648K
  class space    used 8651K, committed 9216K, reserved 1048576K
}
Event: 2099.931 GC heap after
{Heap after GC invocations=4696 (full 60):
 PSYoungGen      total 11776K, used 1056K [0x00000000eab00000, 0x00000000eb800000, 0x0000000100000000)
  eden space 10240K, 0% used [0x00000000eab00000,0x00000000eab00000,0x00000000eb500000)
  from space 1536K, 68% used [0x00000000eb680000,0x00000000eb788000,0x00000000eb800000)
  to   space 1536K, 0% used [0x00000000eb500000,0x00000000eb500000,0x00000000eb680000)
 ParOldGen       total 166912K, used 151501K [0x00000000c0000000, 0x00000000ca300000, 0x00000000eab00000)
  object space 166912K, 90% used [0x00000000c0000000,0x00000000c93f36d0,0x00000000ca300000)
 Metaspace       used 88069K, committed 89280K, reserved 1179648K
  class space    used 8651K, committed 9216K, reserved 1048576K
}
Event: 2100.767 GC heap before
{Heap before GC invocations=4697 (full 60):
 PSYoungGen      total 11776K, used 11296K [0x00000000eab00000, 0x00000000eb800000, 0x0000000100000000)
  eden space 10240K, 100% used [0x00000000eab00000,0x00000000eb500000,0x00000000eb500000)
  from space 1536K, 68% used [0x00000000eb680000,0x00000000eb788000,0x00000000eb800000)
  to   space 1536K, 0% used [0x00000000eb500000,0x00000000eb500000,0x00000000eb680000)
 ParOldGen       total 166912K, used 151501K [0x00000000c0000000, 0x00000000ca300000, 0x00000000eab00000)
  object space 166912K, 90% used [0x00000000c0000000,0x00000000c93f36d0,0x00000000ca300000)
 Metaspace       used 88069K, committed 89280K, reserved 1179648K
  class space    used 8651K, committed 9216K, reserved 1048576K
}
Event: 2100.770 GC heap after
{Heap after GC invocations=4697 (full 60):
 PSYoungGen      total 11776K, used 1504K [0x00000000eab00000, 0x00000000eb900000, 0x0000000100000000)
  eden space 10240K, 0% used [0x00000000eab00000,0x00000000eab00000,0x00000000eb500000)
  from space 1536K, 97% used [0x00000000eb500000,0x00000000eb678040,0x00000000eb680000)
  to   space 2048K, 0% used [0x00000000eb700000,0x00000000eb700000,0x00000000eb900000)
 ParOldGen       total 166912K, used 151605K [0x00000000c0000000, 0x00000000ca300000, 0x00000000eab00000)
  object space 166912K, 90% used [0x00000000c0000000,0x00000000c940d6d0,0x00000000ca300000)
 Metaspace       used 88069K, committed 89280K, reserved 1179648K
  class space    used 8651K, committed 9216K, reserved 1048576K
}
Event: 2103.531 GC heap before
{Heap before GC invocations=4698 (full 60):
 PSYoungGen      total 11776K, used 11744K [0x00000000eab00000, 0x00000000eb900000, 0x0000000100000000)
  eden space 10240K, 100% used [0x00000000eab00000,0x00000000eb500000,0x00000000eb500000)
  from space 1536K, 97% used [0x00000000eb500000,0x00000000eb678040,0x00000000eb680000)
  to   space 2048K, 0% used [0x00000000eb700000,0x00000000eb700000,0x00000000eb900000)
 ParOldGen       total 166912K, used 151605K [0x00000000c0000000, 0x00000000ca300000, 0x00000000eab00000)
  object space 166912K, 90% used [0x00000000c0000000,0x00000000c940d6d0,0x00000000ca300000)
 Metaspace       used 88071K, committed 89280K, reserved 1179648K
  class space    used 8651K, committed 9216K, reserved 1048576K
}
Event: 2103.534 GC heap after
{Heap after GC invocations=4698 (full 60):
 PSYoungGen      total 11264K, used 2032K [0x00000000eab00000, 0x00000000ebb00000, 0x0000000100000000)
  eden space 9216K, 0% used [0x00000000eab00000,0x00000000eab00000,0x00000000eb400000)
  from space 2048K, 99% used [0x00000000eb700000,0x00000000eb8fc070,0x00000000eb900000)
  to   space 3072K, 0% used [0x00000000eb400000,0x00000000eb400000,0x00000000eb700000)
 ParOldGen       total 166912K, used 152254K [0x00000000c0000000, 0x00000000ca300000, 0x00000000eab00000)
  object space 166912K, 91% used [0x00000000c0000000,0x00000000c94af910,0x00000000ca300000)
 Metaspace       used 88071K, committed 89280K, reserved 1179648K
  class space    used 8651K, committed 9216K, reserved 1048576K
}
Event: 2104.654 GC heap before
{Heap before GC invocations=4699 (full 60):
 PSYoungGen      total 11264K, used 11248K [0x00000000eab00000, 0x00000000ebb00000, 0x0000000100000000)
  eden space 9216K, 100% used [0x00000000eab00000,0x00000000eb400000,0x00000000eb400000)
  from space 2048K, 99% used [0x00000000eb700000,0x00000000eb8fc070,0x00000000eb900000)
  to   space 3072K, 0% used [0x00000000eb400000,0x00000000eb400000,0x00000000eb700000)
 ParOldGen       total 166912K, used 152254K [0x00000000c0000000, 0x00000000ca300000, 0x00000000eab00000)
  object space 166912K, 91% used [0x00000000c0000000,0x00000000c94af910,0x00000000ca300000)
 Metaspace       used 88071K, committed 89280K, reserved 1179648K
  class space    used 8651K, committed 9216K, reserved 1048576K
}
Event: 2104.658 GC heap after
{Heap after GC invocations=4699 (full 60):
 PSYoungGen      total 11264K, used 1552K [0x00000000eab00000, 0x00000000eb800000, 0x0000000100000000)
  eden space 9216K, 0% used [0x00000000eab00000,0x00000000eab00000,0x00000000eb400000)
  from space 2048K, 75% used [0x00000000eb400000,0x00000000eb584050,0x00000000eb600000)
  to   space 2048K, 0% used [0x00000000eb600000,0x00000000eb600000,0x00000000eb800000)
 ParOldGen       total 166912K, used 153192K [0x00000000c0000000, 0x00000000ca300000, 0x00000000eab00000)
  object space 166912K, 91% used [0x00000000c0000000,0x00000000c959a290,0x00000000ca300000)
 Metaspace       used 88071K, committed 89280K, reserved 1179648K
  class space    used 8651K, committed 9216K, reserved 1048576K
}
Event: 2105.045 GC heap before
{Heap before GC invocations=4700 (full 60):
 PSYoungGen      total 11264K, used 10768K [0x00000000eab00000, 0x00000000eb800000, 0x0000000100000000)
  eden space 9216K, 100% used [0x00000000eab00000,0x00000000eb400000,0x00000000eb400000)
  from space 2048K, 75% used [0x00000000eb400000,0x00000000eb584050,0x00000000eb600000)
  to   space 2048K, 0% used [0x00000000eb600000,0x00000000eb600000,0x00000000eb800000)
 ParOldGen       total 166912K, used 153192K [0x00000000c0000000, 0x00000000ca300000, 0x00000000eab00000)
  object space 166912K, 91% used [0x00000000c0000000,0x00000000c959a290,0x00000000ca300000)
 Metaspace       used 88071K, committed 89280K, reserved 1179648K
  class space    used 8651K, committed 9216K, reserved 1048576K
}
Event: 2105.047 GC heap after
{Heap after GC invocations=4700 (full 60):
 PSYoungGen      total 10752K, used 1968K [0x00000000eab00000, 0x00000000eb900000, 0x0000000100000000)
  eden space 8704K, 0% used [0x00000000eab00000,0x00000000eab00000,0x00000000eb380000)
  from space 2048K, 96% used [0x00000000eb600000,0x00000000eb7ec050,0x00000000eb800000)
  to   space 2560K, 0% used [0x00000000eb380000,0x00000000eb380000,0x00000000eb600000)
 ParOldGen       total 166912K, used 153192K [0x00000000c0000000, 0x00000000ca300000, 0x00000000eab00000)
  object space 166912K, 91% used [0x00000000c0000000,0x00000000c959a290,0x00000000ca300000)
 Metaspace       used 88071K, committed 89280K, reserved 1179648K
  class space    used 8651K, committed 9216K, reserved 1048576K
}
Event: 2105.533 GC heap before
{Heap before GC invocations=4701 (full 60):
 PSYoungGen      total 10752K, used 10672K [0x00000000eab00000, 0x00000000eb900000, 0x0000000100000000)
  eden space 8704K, 100% used [0x00000000eab00000,0x00000000eb380000,0x00000000eb380000)
  from space 2048K, 96% used [0x00000000eb600000,0x00000000eb7ec050,0x00000000eb800000)
  to   space 2560K, 0% used [0x00000000eb380000,0x00000000eb380000,0x00000000eb600000)
 ParOldGen       total 166912K, used 153192K [0x00000000c0000000, 0x00000000ca300000, 0x00000000eab00000)
  object space 166912K, 91% used [0x00000000c0000000,0x00000000c959a290,0x00000000ca300000)
 Metaspace       used 88072K, committed 89280K, reserved 1179648K
  class space    used 8651K, committed 9216K, reserved 1048576K
}
Event: 2105.539 GC heap after
{Heap after GC invocations=4701 (full 60):
 PSYoungGen      total 11264K, used 2535K [0x00000000eab00000, 0x00000000ebf80000, 0x0000000100000000)
  eden space 8704K, 0% used [0x00000000eab00000,0x00000000eab00000,0x00000000eb380000)
  from space 2560K, 99% used [0x00000000eb380000,0x00000000eb5f9e58,0x00000000eb600000)
  to   space 6144K, 0% used [0x00000000eb980000,0x00000000eb980000,0x00000000ebf80000)
 ParOldGen       total 166912K, used 155800K [0x00000000c0000000, 0x00000000ca300000, 0x00000000eab00000)
  object space 166912K, 93% used [0x00000000c0000000,0x00000000c98260c8,0x00000000ca300000)
 Metaspace       used 88072K, committed 89280K, reserved 1179648K
  class space    used 8651K, committed 9216K, reserved 1048576K
}
Event: 2105.767 GC heap before
{Heap before GC invocations=4702 (full 60):
 PSYoungGen      total 11264K, used 11239K [0x00000000eab00000, 0x00000000ebf80000, 0x0000000100000000)
  eden space 8704K, 99% used [0x00000000eab00000,0x00000000eb37ffe0,0x00000000eb380000)
  from space 2560K, 99% used [0x00000000eb380000,0x00000000eb5f9e58,0x00000000eb600000)
  to   space 6144K, 0% used [0x00000000eb980000,0x00000000eb980000,0x00000000ebf80000)
 ParOldGen       total 166912K, used 155800K [0x00000000c0000000, 0x00000000ca300000, 0x00000000eab00000)
  object space 166912K, 93% used [0x00000000c0000000,0x00000000c98260c8,0x00000000ca300000)
 Metaspace       used 88073K, committed 89280K, reserved 1179648K
  class space    used 8651K, committed 9216K, reserved 1048576K
}
Event: 2105.773 GC heap after
{Heap after GC invocations=4702 (full 60):
 PSYoungGen      total 11264K, used 2375K [0x00000000eab00000, 0x00000000ebc00000, 0x0000000100000000)
  eden space 8704K, 0% used [0x00000000eab00000,0x00000000eab00000,0x00000000eb380000)
  from space 2560K, 92% used [0x00000000eb980000,0x00000000ebbd1e38,0x00000000ebc00000)
  to   space 3584K, 0% used [0x00000000eb500000,0x00000000eb500000,0x00000000eb880000)
 ParOldGen       total 166912K, used 157022K [0x00000000c0000000, 0x00000000ca300000, 0x00000000eab00000)
  object space 166912K, 94% used [0x00000000c0000000,0x00000000c9957a38,0x00000000ca300000)
 Metaspace       used 88073K, committed 89280K, reserved 1179648K
  class space    used 8651K, committed 9216K, reserved 1048576K
}
Event: 2106.204 GC heap before
{Heap before GC invocations=4703 (full 60):
 PSYoungGen      total 11264K, used 11079K [0x00000000eab00000, 0x00000000ebc00000, 0x0000000100000000)
  eden space 8704K, 100% used [0x00000000eab00000,0x00000000eb380000,0x00000000eb380000)
  from space 2560K, 92% used [0x00000000eb980000,0x00000000ebbd1e38,0x00000000ebc00000)
  to   space 3584K, 0% used [0x00000000eb500000,0x00000000eb500000,0x00000000eb880000)
 ParOldGen       total 166912K, used 157022K [0x00000000c0000000, 0x00000000ca300000, 0x00000000eab00000)
  object space 166912K, 94% used [0x00000000c0000000,0x00000000c9957a38,0x00000000ca300000)
 Metaspace       used 88074K, committed 89280K, reserved 1179648K
  class space    used 8651K, committed 9216K, reserved 1048576K
}
Event: 2106.211 GC heap after
{Heap after GC invocations=4703 (full 60):
 PSYoungGen      total 11776K, used 2855K [0x00000000eab00000, 0x00000000eba00000, 0x0000000100000000)
  eden space 8704K, 0% used [0x00000000eab00000,0x00000000eab00000,0x00000000eb380000)
  from space 3072K, 92% used [0x00000000eb500000,0x00000000eb7c9e78,0x00000000eb800000)
  to   space 2048K, 0% used [0x00000000eb800000,0x00000000eb800000,0x00000000eba00000)
 ParOldGen       total 166912K, used 157022K [0x00000000c0000000, 0x00000000ca300000, 0x00000000eab00000)
  object space 166912K, 94% used [0x00000000c0000000,0x00000000c9957a38,0x00000000ca300000)
 Metaspace       used 88074K, committed 89280K, reserved 1179648K
  class space    used 8651K, committed 9216K, reserved 1048576K
}

