# JRE version: OpenJDK Runtime Environment Temurin-17.0.11+9 (17.0.11+9) (build 17.0.11+9)
# Java VM: OpenJDK 64-Bit Server VM Temurin-17.0.11+9 (17.0.11+9, mixed mode, tiered, compressed oops, compressed class ptrs, parallel gc, windows-amd64)
GC Precious Log:
 CPUs: 8 total, 8 available
 Memory: 4005M
 Large Page Support: Disabled
 NUMA Support: Disabled
 Compressed Oops: Enabled (32-bit)
 Alignments: Space 512K, Generation 512K, Heap 2M
 Heap Min Capacity: 100M
 Heap Initial Capacity: 100M
 Heap Max Capacity: 1G
 Pre-touch: Disabled
 Parallel Workers: 8
Heap:
 PSYoungGen      total 2560K, used 907K [0x00000000eab00000, 0x00000000eae00000, 0x0000000100000000)
  eden space 1536K, 42% used [0x00000000eab00000,0x00000000eaba2e70,0x00000000eac80000)
  from space 1024K, 25% used [0x00000000eac80000,0x00000000eacc0000,0x00000000ead80000)
  to   space 512K, 0% used [0x00000000ead80000,0x00000000ead80000,0x00000000eae00000)
 ParOldGen       total 89600K, used 78992K [0x00000000c0000000, 0x00000000c5780000, 0x00000000eab00000)
  object space 89600K, 88% used [0x00000000c0000000,0x00000000c4d243f0,0x00000000c5780000)
 Metaspace       used 85365K, committed 86656K, reserved 1179648K
  class space    used 8617K, committed 9216K, reserved 1048576K
GC Heap History (20 events):
Event: 418.526 GC heap before
{Heap before GC invocations=1306 (full 29):
 PSYoungGen      total 2560K, used 2559K [0x00000000eab00000, 0x00000000eae80000, 0x0000000100000000)
  eden space 1536K, 99% used [0x00000000eab00000,0x00000000eac7ff80,0x00000000eac80000)
  from space 1024K, 100% used [0x00000000ead80000,0x00000000eae80000,0x00000000eae80000)
  to   space 1024K, 0% used [0x00000000eac80000,0x00000000eac80000,0x00000000ead80000)
 ParOldGen       total 89600K, used 67416K [0x00000000c0000000, 0x00000000c5780000, 0x00000000eab00000)
  object space 89600K, 75% used [0x00000000c0000000,0x00000000c41d6310,0x00000000c5780000)
 Metaspace       used 85358K, committed 86656K, reserved 1179648K
  class space    used 8617K, committed 9216K, reserved 1048576K
}
Event: 418.530 GC heap after
{Heap after GC invocations=1306 (full 29):
 PSYoungGen      total 2560K, used 1024K [0x00000000eab00000, 0x00000000eae80000, 0x0000000100000000)
  eden space 1536K, 0% used [0x00000000eab00000,0x00000000eab00000,0x00000000eac80000)
  from space 1024K, 100% used [0x00000000eac80000,0x00000000ead80000,0x00000000ead80000)
  to   space 1024K, 0% used [0x00000000ead80000,0x00000000ead80000,0x00000000eae80000)
 ParOldGen       total 89600K, used 68941K [0x00000000c0000000, 0x00000000c5780000, 0x00000000eab00000)
  object space 89600K, 76% used [0x00000000c0000000,0x00000000c4353590,0x00000000c5780000)
 Metaspace       used 85358K, committed 86656K, reserved 1179648K
  class space    used 8617K, committed 9216K, reserved 1048576K
}
Event: 418.541 GC heap before
{Heap before GC invocations=1307 (full 29):
 PSYoungGen      total 2560K, used 2560K [0x00000000eab00000, 0x00000000eae80000, 0x0000000100000000)
  eden space 1536K, 100% used [0x00000000eab00000,0x00000000eac80000,0x00000000eac80000)
  from space 1024K, 100% used [0x00000000eac80000,0x00000000ead80000,0x00000000ead80000)
  to   space 1024K, 0% used [0x00000000ead80000,0x00000000ead80000,0x00000000eae80000)
 ParOldGen       total 89600K, used 68941K [0x00000000c0000000, 0x00000000c5780000, 0x00000000eab00000)
  object space 89600K, 76% used [0x00000000c0000000,0x00000000c4353590,0x00000000c5780000)
 Metaspace       used 85358K, committed 86656K, reserved 1179648K
  class space    used 8617K, committed 9216K, reserved 1048576K
}
Event: 418.546 GC heap after
{Heap after GC invocations=1307 (full 29):
 PSYoungGen      total 2560K, used 1024K [0x00000000eab00000, 0x00000000eae80000, 0x0000000100000000)
  eden space 1536K, 0% used [0x00000000eab00000,0x00000000eab00000,0x00000000eac80000)
  from space 1024K, 100% used [0x00000000ead80000,0x00000000eae80000,0x00000000eae80000)
  to   space 1024K, 0% used [0x00000000eac80000,0x00000000eac80000,0x00000000ead80000)
 ParOldGen       total 89600K, used 70453K [0x00000000c0000000, 0x00000000c5780000, 0x00000000eab00000)
  object space 89600K, 78% used [0x00000000c0000000,0x00000000c44cd590,0x00000000c5780000)
 Metaspace       used 85358K, committed 86656K, reserved 1179648K
  class space    used 8617K, committed 9216K, reserved 1048576K
}
Event: 418.554 GC heap before
{Heap before GC invocations=1308 (full 29):
 PSYoungGen      total 2560K, used 2560K [0x00000000eab00000, 0x00000000eae80000, 0x0000000100000000)
  eden space 1536K, 100% used [0x00000000eab00000,0x00000000eac80000,0x00000000eac80000)
  from space 1024K, 100% used [0x00000000ead80000,0x00000000eae80000,0x00000000eae80000)
  to   space 1024K, 0% used [0x00000000eac80000,0x00000000eac80000,0x00000000ead80000)
 ParOldGen       total 89600K, used 70453K [0x00000000c0000000, 0x00000000c5780000, 0x00000000eab00000)
  object space 89600K, 78% used [0x00000000c0000000,0x00000000c44cd590,0x00000000c5780000)
 Metaspace       used 85358K, committed 86656K, reserved 1179648K
  class space    used 8617K, committed 9216K, reserved 1048576K
}
Event: 418.556 GC heap after
{Heap after GC invocations=1308 (full 29):
 PSYoungGen      total 2560K, used 986K [0x00000000eab00000, 0x00000000eae80000, 0x0000000100000000)
  eden space 1536K, 0% used [0x00000000eab00000,0x00000000eab00000,0x00000000eac80000)
  from space 1024K, 96% used [0x00000000eac80000,0x00000000ead76800,0x00000000ead80000)
  to   space 1024K, 0% used [0x00000000ead80000,0x00000000ead80000,0x00000000eae80000)
 ParOldGen       total 89600K, used 71517K [0x00000000c0000000, 0x00000000c5780000, 0x00000000eab00000)
  object space 89600K, 79% used [0x00000000c0000000,0x00000000c45d7590,0x00000000c5780000)
 Metaspace       used 85358K, committed 86656K, reserved 1179648K
  class space    used 8617K, committed 9216K, reserved 1048576K
}
Event: 418.565 GC heap before
{Heap before GC invocations=1309 (full 29):
 PSYoungGen      total 2560K, used 2221K [0x00000000eab00000, 0x00000000eae80000, 0x0000000100000000)
  eden space 1536K, 80% used [0x00000000eab00000,0x00000000eac34ce8,0x00000000eac80000)
  from space 1024K, 96% used [0x00000000eac80000,0x00000000ead76800,0x00000000ead80000)
  to   space 1024K, 0% used [0x00000000ead80000,0x00000000ead80000,0x00000000eae80000)
 ParOldGen       total 89600K, used 71517K [0x00000000c0000000, 0x00000000c5780000, 0x00000000eab00000)
  object space 89600K, 79% used [0x00000000c0000000,0x00000000c45d7590,0x00000000c5780000)
 Metaspace       used 85358K, committed 86656K, reserved 1179648K
  class space    used 8617K, committed 9216K, reserved 1048576K
}
Event: 418.567 GC heap after
{Heap after GC invocations=1309 (full 29):
 PSYoungGen      total 2560K, used 1000K [0x00000000eab00000, 0x00000000eae80000, 0x0000000100000000)
  eden space 1536K, 0% used [0x00000000eab00000,0x00000000eab00000,0x00000000eac80000)
  from space 1024K, 97% used [0x00000000ead80000,0x00000000eae7a020,0x00000000eae80000)
  to   space 1024K, 0% used [0x00000000eac80000,0x00000000eac80000,0x00000000ead80000)
 ParOldGen       total 89600K, used 72317K [0x00000000c0000000, 0x00000000c5780000, 0x00000000eab00000)
  object space 89600K, 80% used [0x00000000c0000000,0x00000000c469f5b0,0x00000000c5780000)
 Metaspace       used 85358K, committed 86656K, reserved 1179648K
  class space    used 8617K, committed 9216K, reserved 1048576K
}
Event: 418.575 GC heap before
{Heap before GC invocations=1310 (full 29):
 PSYoungGen      total 2560K, used 2536K [0x00000000eab00000, 0x00000000eae80000, 0x0000000100000000)
  eden space 1536K, 100% used [0x00000000eab00000,0x00000000eac80000,0x00000000eac80000)
  from space 1024K, 97% used [0x00000000ead80000,0x00000000eae7a020,0x00000000eae80000)
  to   space 1024K, 0% used [0x00000000eac80000,0x00000000eac80000,0x00000000ead80000)
 ParOldGen       total 89600K, used 72317K [0x00000000c0000000, 0x00000000c5780000, 0x00000000eab00000)
  object space 89600K, 80% used [0x00000000c0000000,0x00000000c469f5b0,0x00000000c5780000)
 Metaspace       used 85358K, committed 86656K, reserved 1179648K
  class space    used 8617K, committed 9216K, reserved 1048576K
}
Event: 418.578 GC heap after
{Heap after GC invocations=1310 (full 29):
 PSYoungGen      total 2560K, used 756K [0x00000000eab00000, 0x00000000eae80000, 0x0000000100000000)
  eden space 1536K, 0% used [0x00000000eab00000,0x00000000eab00000,0x00000000eac80000)
  from space 1024K, 73% used [0x00000000eac80000,0x00000000ead3d000,0x00000000ead80000)
  to   space 1024K, 0% used [0x00000000ead80000,0x00000000ead80000,0x00000000eae80000)
 ParOldGen       total 89600K, used 72953K [0x00000000c0000000, 0x00000000c5780000, 0x00000000eab00000)
  object space 89600K, 81% used [0x00000000c0000000,0x00000000c473e5b0,0x00000000c5780000)
 Metaspace       used 85358K, committed 86656K, reserved 1179648K
  class space    used 8617K, committed 9216K, reserved 1048576K
}
Event: 418.623 GC heap before
{Heap before GC invocations=1311 (full 29):
 PSYoungGen      total 2560K, used 2292K [0x00000000eab00000, 0x00000000eae80000, 0x0000000100000000)
  eden space 1536K, 100% used [0x00000000eab00000,0x00000000eac80000,0x00000000eac80000)
  from space 1024K, 73% used [0x00000000eac80000,0x00000000ead3d000,0x00000000ead80000)
  to   space 1024K, 0% used [0x00000000ead80000,0x00000000ead80000,0x00000000eae80000)
 ParOldGen       total 89600K, used 72953K [0x00000000c0000000, 0x00000000c5780000, 0x00000000eab00000)
  object space 89600K, 81% used [0x00000000c0000000,0x00000000c473e5b0,0x00000000c5780000)
 Metaspace       used 85358K, committed 86656K, reserved 1179648K
  class space    used 8617K, committed 9216K, reserved 1048576K
}
Event: 418.626 GC heap after
{Heap after GC invocations=1311 (full 29):
 PSYoungGen      total 2560K, used 998K [0x00000000eab00000, 0x00000000eae80000, 0x0000000100000000)
  eden space 1536K, 0% used [0x00000000eab00000,0x00000000eab00000,0x00000000eac80000)
  from space 1024K, 97% used [0x00000000ead80000,0x00000000eae79980,0x00000000eae80000)
  to   space 1024K, 0% used [0x00000000eac80000,0x00000000eac80000,0x00000000ead80000)
 ParOldGen       total 89600K, used 73869K [0x00000000c0000000, 0x00000000c5780000, 0x00000000eab00000)
  object space 89600K, 82% used [0x00000000c0000000,0x00000000c48235b0,0x00000000c5780000)
 Metaspace       used 85358K, committed 86656K, reserved 1179648K
  class space    used 8617K, committed 9216K, reserved 1048576K
}
Event: 418.632 GC heap before
{Heap before GC invocations=1312 (full 29):
 PSYoungGen      total 2560K, used 2534K [0x00000000eab00000, 0x00000000eae80000, 0x0000000100000000)
  eden space 1536K, 100% used [0x00000000eab00000,0x00000000eac80000,0x00000000eac80000)
  from space 1024K, 97% used [0x00000000ead80000,0x00000000eae79980,0x00000000eae80000)
  to   space 1024K, 0% used [0x00000000eac80000,0x00000000eac80000,0x00000000ead80000)
 ParOldGen       total 89600K, used 73869K [0x00000000c0000000, 0x00000000c5780000, 0x00000000eab00000)
  object space 89600K, 82% used [0x00000000c0000000,0x00000000c48235b0,0x00000000c5780000)
 Metaspace       used 85358K, committed 86656K, reserved 1179648K
  class space    used 8617K, committed 9216K, reserved 1048576K
}
Event: 418.635 GC heap after
{Heap after GC invocations=1312 (full 29):
 PSYoungGen      total 2560K, used 1024K [0x00000000eab00000, 0x00000000eae80000, 0x0000000100000000)
  eden space 1536K, 0% used [0x00000000eab00000,0x00000000eab00000,0x00000000eac80000)
  from space 1024K, 100% used [0x00000000eac80000,0x00000000ead80000,0x00000000ead80000)
  to   space 1024K, 0% used [0x00000000ead80000,0x00000000ead80000,0x00000000eae80000)
 ParOldGen       total 89600K, used 75363K [0x00000000c0000000, 0x00000000c5780000, 0x00000000eab00000)
  object space 89600K, 84% used [0x00000000c0000000,0x00000000c4998f30,0x00000000c5780000)
 Metaspace       used 85358K, committed 86656K, reserved 1179648K
  class space    used 8617K, committed 9216K, reserved 1048576K
}
Event: 418.647 GC heap before
{Heap before GC invocations=1313 (full 29):
 PSYoungGen      total 2560K, used 2442K [0x00000000eab00000, 0x00000000eae80000, 0x0000000100000000)
  eden space 1536K, 92% used [0x00000000eab00000,0x00000000eac62a88,0x00000000eac80000)
  from space 1024K, 100% used [0x00000000eac80000,0x00000000ead80000,0x00000000ead80000)
  to   space 1024K, 0% used [0x00000000ead80000,0x00000000ead80000,0x00000000eae80000)
 ParOldGen       total 89600K, used 75363K [0x00000000c0000000, 0x00000000c5780000, 0x00000000eab00000)
  object space 89600K, 84% used [0x00000000c0000000,0x00000000c4998f30,0x00000000c5780000)
 Metaspace       used 85358K, committed 86656K, reserved 1179648K
  class space    used 8617K, committed 9216K, reserved 1048576K
}
Event: 418.651 GC heap after
{Heap after GC invocations=1313 (full 29):
 PSYoungGen      total 2560K, used 1024K [0x00000000eab00000, 0x00000000eae80000, 0x0000000100000000)
  eden space 1536K, 0% used [0x00000000eab00000,0x00000000eab00000,0x00000000eac80000)
  from space 1024K, 100% used [0x00000000ead80000,0x00000000eae80000,0x00000000eae80000)
  to   space 1024K, 0% used [0x00000000eac80000,0x00000000eac80000,0x00000000ead80000)
 ParOldGen       total 89600K, used 76571K [0x00000000c0000000, 0x00000000c5780000, 0x00000000eab00000)
  object space 89600K, 85% used [0x00000000c0000000,0x00000000c4ac6f30,0x00000000c5780000)
 Metaspace       used 85358K, committed 86656K, reserved 1179648K
  class space    used 8617K, committed 9216K, reserved 1048576K
}
Event: 418.663 GC heap before
{Heap before GC invocations=1314 (full 29):
 PSYoungGen      total 2560K, used 2559K [0x00000000eab00000, 0x00000000eae80000, 0x0000000100000000)
  eden space 1536K, 99% used [0x00000000eab00000,0x00000000eac7ffc0,0x00000000eac80000)
  from space 1024K, 100% used [0x00000000ead80000,0x00000000eae80000,0x00000000eae80000)
  to   space 1024K, 0% used [0x00000000eac80000,0x00000000eac80000,0x00000000ead80000)
 ParOldGen       total 89600K, used 76571K [0x00000000c0000000, 0x00000000c5780000, 0x00000000eab00000)
  object space 89600K, 85% used [0x00000000c0000000,0x00000000c4ac6f30,0x00000000c5780000)
 Metaspace       used 85362K, committed 86656K, reserved 1179648K
  class space    used 8617K, committed 9216K, reserved 1048576K
}
Event: 418.666 GC heap after
{Heap after GC invocations=1314 (full 29):
 PSYoungGen      total 2560K, used 832K [0x00000000eab00000, 0x00000000eae80000, 0x0000000100000000)
  eden space 1536K, 0% used [0x00000000eab00000,0x00000000eab00000,0x00000000eac80000)
  from space 1024K, 81% used [0x00000000eac80000,0x00000000ead50020,0x00000000ead80000)
  to   space 1024K, 0% used [0x00000000ead80000,0x00000000ead80000,0x00000000eae80000)
 ParOldGen       total 89600K, used 77403K [0x00000000c0000000, 0x00000000c5780000, 0x00000000eab00000)
  object space 89600K, 86% used [0x00000000c0000000,0x00000000c4b96f30,0x00000000c5780000)
 Metaspace       used 85362K, committed 86656K, reserved 1179648K
  class space    used 8617K, committed 9216K, reserved 1048576K
}
Event: 418.674 GC heap before
{Heap before GC invocations=1315 (full 29):
 PSYoungGen      total 2560K, used 2368K [0x00000000eab00000, 0x00000000eae80000, 0x0000000100000000)
  eden space 1536K, 100% used [0x00000000eab00000,0x00000000eac80000,0x00000000eac80000)
  from space 1024K, 81% used [0x00000000eac80000,0x00000000ead50020,0x00000000ead80000)
  to   space 1024K, 0% used [0x00000000ead80000,0x00000000ead80000,0x00000000eae80000)
 ParOldGen       total 89600K, used 77403K [0x00000000c0000000, 0x00000000c5780000, 0x00000000eab00000)
  object space 89600K, 86% used [0x00000000c0000000,0x00000000c4b96f30,0x00000000c5780000)
 Metaspace       used 85362K, committed 86656K, reserved 1179648K
  class space    used 8617K, committed 9216K, reserved 1048576K
}
Event: 418.676 GC heap after
{Heap after GC invocations=1315 (full 29):
 PSYoungGen      total 2560K, used 816K [0x00000000eab00000, 0x00000000eaf00000, 0x0000000100000000)
  eden space 1536K, 0% used [0x00000000eab00000,0x00000000eab00000,0x00000000eac80000)
  from space 1024K, 79% used [0x00000000ead80000,0x00000000eae4c010,0x00000000eae80000)
  to   space 1024K, 0% used [0x00000000eac80000,0x00000000eac80000,0x00000000ead80000)
 ParOldGen       total 89600K, used 78328K [0x00000000c0000000, 0x00000000c5780000, 0x00000000eab00000)
  object space 89600K, 87% used [0x00000000c0000000,0x00000000c4c7e3d0,0x00000000c5780000)
 Metaspace       used 85362K, committed 86656K, reserved 1179648K
  class space    used 8617K, committed 9216K, reserved 1048576K
}

